{"name": "Проверка флоу заказа самоката на сайте «Яндекс.Самоката»", "status": "broken", "statusDetails": {"message": "selenium.common.exceptions.TimeoutException: Message: \nStacktrace:\nRemoteError@chrome://remote/content/shared/RemoteError.sys.mjs:8:8\nWebDriverError@chrome://remote/content/shared/webdriver/Errors.sys.mjs:193:5\nNoSuchElementError@chrome://remote/content/shared/webdriver/Errors.sys.mjs:511:5\ndom.find/</<@chrome://remote/content/shared/DOM.sys.mjs:136:16", "trace": "self = <test_make_order.TestChekoutPath object at 0x105ee45f0>, order_page = <pages.order_page.OrderPage object at 0x105f1c9e0>, name = 'Райан', surname = 'Гослинг'\naddress = 'Садовническая 5', station = 'Охотный ряд', phone = '79048459222', date_piker = '28', rental_period = 'сутки', color = 'чёрный жемчуг', comment = ''\n\n    @allure.title('Проверка флоу заказа самоката на сайте «Яндекс.Самоката»')\n    @allure.description('Проверяем, форму заполнения при заказе самоката')\n    @pytest.mark.parametrize(\"name, surname, address, station, phone, date_piker, rental_period, color, comment\", person_data)\n    def test_check_pop_up_window_successful_order(self, order_page, name, surname, address, station, phone, date_piker, rental_period, color, comment):\n>       order_page.order_about_person_page(name, surname, address, station, phone)\n\ntests/test_make_order.py:33: \n_ _ _ _ _ _ _ _ _ _ _ _ _ _ _ _ _ _ _ _ _ _ _ _ _ _ _ _ _ _ _ _ _ _ _ _ _ _ _ _ _ _ _ _ _ _ _ _ _ _ _ _ _ _ _ _ _ _ _ _ _ _ _ _ _ _ _ _ _ _ _ _ _ _ _ _ _ _ _ _ _ _ _ _\npages/order_page.py:48: in order_about_person_page\n    self.set_station(station)\npages/order_page.py:35: in set_station\n    self.wait_element_presence_of_element_located(OrderPageLocators.select_station_subway(station))\npages/base_page.py:26: in wait_element_presence_of_element_located\n    WebDriverWait(self.driver, 10).until(EC.presence_of_element_located(locator))\n_ _ _ _ _ _ _ _ _ _ _ _ _ _ _ _ _ _ _ _ _ _ _ _ _ _ _ _ _ _ _ _ _ _ _ _ _ _ _ _ _ _ _ _ _ _ _ _ _ _ _ _ _ _ _ _ _ _ _ _ _ _ _ _ _ _ _ _ _ _ _ _ _ _ _ _ _ _ _ _ _ _ _ _\n\nself = <selenium.webdriver.support.wait.WebDriverWait (session=\"07c9e665-3991-4872-b524-731ce2a8e815\")>\nmethod = <function presence_of_element_located.<locals>._predicate at 0x105eff380>, message = ''\n\n    def until(self, method: Callable[[D], Union[Literal[False], T]], message: str = \"\") -> T:\n        \"\"\"Calls the method provided with the driver as an argument until the \\\n        return value does not evaluate to ``False``.\n    \n        :param method: callable(WebDriver)\n        :param message: optional message for :exc:`TimeoutException`\n        :returns: the result of the last call to `method`\n        :raises: :exc:`selenium.common.exceptions.TimeoutException` if timeout occurs\n        \"\"\"\n        screen = None\n        stacktrace = None\n    \n        end_time = time.monotonic() + self._timeout\n        while True:\n            try:\n                value = method(self._driver)\n                if value:\n                    return value\n            except self._ignored_exceptions as exc:\n                screen = getattr(exc, \"screen\", None)\n                stacktrace = getattr(exc, \"stacktrace\", None)\n            time.sleep(self._poll)\n            if time.monotonic() > end_time:\n                break\n>       raise TimeoutException(message, screen, stacktrace)\nE       selenium.common.exceptions.TimeoutException: Message: \nE       Stacktrace:\nE       RemoteError@chrome://remote/content/shared/RemoteError.sys.mjs:8:8\nE       WebDriverError@chrome://remote/content/shared/webdriver/Errors.sys.mjs:193:5\nE       NoSuchElementError@chrome://remote/content/shared/webdriver/Errors.sys.mjs:511:5\nE       dom.find/</<@chrome://remote/content/shared/DOM.sys.mjs:136:16\n\nvenv/lib/python3.12/site-packages/selenium/webdriver/support/wait.py:105: TimeoutException"}, "description": "Проверяем, форму заполнения при заказе самоката", "steps": [{"name": "Открыть страницу регистрации (https://qa-scooter.praktikum-services.ru/order' «Яндекс.Самоката»", "status": "passed", "start": 1716238108521, "stop": 1716238114858}, {"name": "Заполнить поле «Имя»", "status": "passed", "parameters": [{"name": "name", "value": "'Райан'"}], "start": 1716238114858, "stop": 1716238114919}, {"name": "Заполнить поле «Фамилия»", "status": "passed", "parameters": [{"name": "surname", "value": "'Гослинг'"}], "start": 1716238114919, "stop": 1716238114928}, {"name": "Заполнить поле «Адрес»", "status": "passed", "parameters": [{"name": "address", "value": "'Садовническая 5'"}], "start": 1716238114928, "stop": 1716238114938}, {"name": "Выбрать станцию метро", "status": "broken", "statusDetails": {"message": "selenium.common.exceptions.TimeoutException: Message: \nStacktrace:\nRemoteError@chrome://remote/content/shared/RemoteError.sys.mjs:8:8\nWebDriverError@chrome://remote/content/shared/webdriver/Errors.sys.mjs:193:5\nNoSuchElementError@chrome://remote/content/shared/webdriver/Errors.sys.mjs:511:5\ndom.find/</<@chrome://remote/content/shared/DOM.sys.mjs:136:16\n\n", "trace": "  File \"/Users/kosova.ea/Sprint_6/venv/lib/python3.12/site-packages/allure_commons/_allure.py\", line 192, in impl\n    return func(*a, **kw)\n           ^^^^^^^^^^^^^^\n  File \"/Users/kosova.ea/Sprint_6/pages/order_page.py\", line 35, in set_station\n    self.wait_element_presence_of_element_located(OrderPageLocators.select_station_subway(station))\n  File \"/Users/kosova.ea/Sprint_6/pages/base_page.py\", line 26, in wait_element_presence_of_element_located\n    WebDriverWait(self.driver, 10).until(EC.presence_of_element_located(locator))\n  File \"/Users/kosova.ea/Sprint_6/venv/lib/python3.12/site-packages/selenium/webdriver/support/wait.py\", line 105, in until\n    raise TimeoutException(message, screen, stacktrace)\n"}, "parameters": [{"name": "station", "value": "'Охотный ряд'"}], "start": 1716238114938, "stop": 1716238125513}], "parameters": [{"name": "name", "value": "'Райан'"}, {"name": "surname", "value": "'Гослинг'"}, {"name": "address", "value": "'Садовническая 5'"}, {"name": "station", "value": "'Охотный ряд'"}, {"name": "phone", "value": "'79048459222'"}, {"name": "date_piker", "value": "'28'"}, {"name": "rental_period", "value": "'сутки'"}, {"name": "color", "value": "'чёрный жемчуг'"}, {"name": "comment", "value": "''"}], "start": 1716238108521, "stop": 1716238125521, "uuid": "43698ddc-f977-4add-9922-33a97a758d10", "historyId": "c0eee3df554f051e78e4f0e34f6a6a90", "testCaseId": "22c822701d76e55ad1a93a6bb843c62d", "fullName": "tests.test_make_order.TestChekoutPath#test_check_pop_up_window_successful_order", "labels": [{"name": "parentSuite", "value": "tests"}, {"name": "suite", "value": "test_make_order"}, {"name": "subSuite", "value": "TestChekoutPath"}, {"name": "host", "value": "NB-ISC-69172.local"}, {"name": "thread", "value": "74460-MainThread"}, {"name": "framework", "value": "pytest"}, {"name": "language", "value": "cpython3"}, {"name": "package", "value": "tests.test_make_order"}]}